2022-03-28 06:51:18 Loading main app package /usr/lib/obsidian/obsidian.asar
2022-04-05 00:32:23 Loading main app package /usr/lib/obsidian/obsidian.asar
2022-04-05 00:36:01 Loading main app package /usr/lib/obsidian/obsidian.asar
2022-04-05 00:38:28 Loading main app package /usr/lib/obsidian/obsidian.asar
2022-04-05 00:38:43 Loading main app package /usr/lib/obsidian/obsidian.asar
2022-04-05 00:38:47 Loading main app package /usr/lib/obsidian/obsidian.asar
2022-04-05 00:39:50 Loading main app package /usr/lib/obsidian/obsidian.asar
2022-04-05 00:40:53 Loading main app package /usr/lib/obsidian/obsidian.asar
2022-04-05 00:40:53 Checking for update using Github
2022-04-05 00:41:02 Success.
2022-04-05 00:41:02 Latest version is 0.14.2
2022-04-05 00:41:02 App is up to date.
2022-04-05 00:41:24 Loading main app package /usr/lib/obsidian/obsidian.asar
2022-04-05 00:41:24 Checking for update using Github
2022-04-05 00:41:24 Success.
2022-04-05 00:41:24 Latest version is 0.14.2
2022-04-05 00:41:24 App is up to date.
2022-04-11 14:24:54 Loading main app package /usr/lib/obsidian/obsidian.asar
2022-04-11 14:24:54 Checking for update using Github
2022-04-11 14:25:03 Success.
2022-04-11 14:25:03 Latest version is 0.14.5
2022-04-11 14:25:03 Downloading update from https://github.com/obsidianmd/obsidian-releases/releases/download/v0.14.5/obsidian-0.14.5.asar.gz
