2023-12-30 18:58:57.680 [info] Getting Manifest... llvm-vs-code-extensions.vscode-clangd
2023-12-30 18:58:57.954 [info] Installing extension: llvm-vs-code-extensions.vscode-clangd
2023-12-30 18:59:05.439 [info] Extension signature verification is not done: llvm-vs-code-extensions.vscode-clangd
2023-12-30 18:59:05.489 [info] Extracted extension to file:///home/yu/.vscode-oss/extensions/llvm-vs-code-extensions.vscode-clangd-0.1.26-universal: llvm-vs-code-extensions.vscode-clangd
2023-12-30 18:59:05.492 [info] Renamed to /home/yu/.vscode-oss/extensions/llvm-vs-code-extensions.vscode-clangd-0.1.26-universal
2023-12-30 18:59:05.494 [info] Extracting extension completed. llvm-vs-code-extensions.vscode-clangd
2023-12-30 18:59:05.503 [info] Extension installed successfully: llvm-vs-code-extensions.vscode-clangd
2023-12-30 18:59:05.583 [error] [uncaught exception in sharedProcess]: Error: ENOENT: no such file or directory, stat '/home/yu/.vscode-oss/extensions/extensions.json.vsctmp': EntryNotFound (FileSystemError): Error: ENOENT: no such file or directory, stat '/home/yu/.vscode-oss/extensions/extensions.json.vsctmp'
    at r.create (/usr/lib/code/out/vs/code/node/sharedProcess/sharedProcessMain.js:51:30056)
    at a (/usr/lib/code/out/vs/code/node/sharedProcess/sharedProcessMain.js:51:30170)
    at s.fb (/usr/lib/code/out/vs/code/node/sharedProcess/sharedProcessMain.js:56:36175)
    at s.stat (/usr/lib/code/out/vs/code/node/sharedProcess/sharedProcessMain.js:56:28621)
    at async E.stat (/usr/lib/code/out/vs/code/node/sharedProcess/sharedProcessMain.js:56:15732)
    at async Y.tb (/usr/lib/code/out/vs/code/node/sharedProcess/sharedProcessMain.js:100:111319)
2023-12-30 18:59:13.299 [info] Getting Manifest... asvetliakov.vscode-neovim
2023-12-30 18:59:13.568 [info] Installing extension: asvetliakov.vscode-neovim
2023-12-30 18:59:15.895 [info] Extension signature verification is not done: asvetliakov.vscode-neovim
2023-12-30 18:59:15.971 [info] Extracted extension to file:///home/yu/.vscode-oss/extensions/asvetliakov.vscode-neovim-1.5.0-universal: asvetliakov.vscode-neovim
2023-12-30 18:59:15.976 [info] Renamed to /home/yu/.vscode-oss/extensions/asvetliakov.vscode-neovim-1.5.0-universal
2023-12-30 18:59:15.983 [info] Extracting extension completed. asvetliakov.vscode-neovim
2023-12-30 18:59:15.992 [info] Extension installed successfully: asvetliakov.vscode-neovim
2023-12-30 18:59:16.066 [error] [uncaught exception in sharedProcess]: Error: ENOENT: no such file or directory, stat '/home/yu/.vscode-oss/extensions/extensions.json.vsctmp': EntryNotFound (FileSystemError): Error: ENOENT: no such file or directory, stat '/home/yu/.vscode-oss/extensions/extensions.json.vsctmp'
    at r.create (/usr/lib/code/out/vs/code/node/sharedProcess/sharedProcessMain.js:51:30056)
    at a (/usr/lib/code/out/vs/code/node/sharedProcess/sharedProcessMain.js:51:30170)
    at s.fb (/usr/lib/code/out/vs/code/node/sharedProcess/sharedProcessMain.js:56:36175)
    at s.stat (/usr/lib/code/out/vs/code/node/sharedProcess/sharedProcessMain.js:56:28621)
    at async E.stat (/usr/lib/code/out/vs/code/node/sharedProcess/sharedProcessMain.js:56:15732)
    at async Y.tb (/usr/lib/code/out/vs/code/node/sharedProcess/sharedProcessMain.js:100:111319)
