2023-12-30 18:56:47.950 [info] Added views:workbench.panel.markers.view in workbench.panel.markers
2023-12-30 18:56:47.950 [info] Added views:workbench.panel.output in workbench.panel.output
2023-12-30 18:56:47.950 [info] Added views:terminal in terminal
2023-12-30 18:56:47.950 [info] Added views:outline in workbench.view.explorer
2023-12-30 18:56:47.950 [info] Added views:workbench.scm in workbench.view.scm
2023-12-30 18:56:47.950 [info] Added views:workbench.view.search in workbench.view.search
2023-12-30 18:56:47.950 [info] Added views:timeline in workbench.view.explorer
2023-12-30 18:56:47.951 [info] Added views:workbench.explorer.emptyView in workbench.view.explorer
2023-12-30 18:56:48.550 [info] Added views:workbench.debug.welcome in workbench.view.debug
2023-12-30 18:56:48.654 [info] Added views:~remote.forwardedPorts in ~remote.forwardedPortsContainer
2023-12-30 18:56:48.849 [info] Added views:workbench.panel.repl.view in workbench.panel.repl
2023-12-30 18:58:48.411 [info] Added views:workbench.views.extensions.installed,workbench.views.extensions.popular,extensions.recommendedList in workbench.view.extensions
2023-12-30 18:58:48.415 [info] Removed views:workbench.views.extensions.popular from workbench.view.extensions
2023-12-30 18:58:48.832 [info] Added views:workbench.views.extensions.popular in workbench.view.extensions
2023-12-30 18:58:51.759 [info] Removed views:extensions.recommendedList,workbench.views.extensions.popular,workbench.views.extensions.installed from workbench.view.extensions
2023-12-30 18:58:51.801 [info] Added views:workbench.views.extensions.marketplace in workbench.view.extensions
2023-12-30 18:59:08.618 [info] Removed views:workbench.views.extensions.marketplace from workbench.view.extensions
2023-12-30 18:59:08.636 [info] Added views:workbench.views.extensions.installed,workbench.views.extensions.popular,extensions.recommendedList in workbench.view.extensions
2023-12-30 18:59:10.119 [info] Removed views:extensions.recommendedList,workbench.views.extensions.popular,workbench.views.extensions.installed from workbench.view.extensions
2023-12-30 18:59:10.136 [info] Added views:workbench.views.extensions.marketplace in workbench.view.extensions
